Build started 2/2/2012 9:25:54 PM.
     1>Project "C:\Users\SynoN\Desktop\Red-Black Tree (Alpha Version)\Red-Black Tree (Alpha Version)\Red-Black Tree (Alpha Version).vcxproj" on node 2 (build target(s)).
     1>PrepareForBuild:
         Creating directory "C:\Users\SynoN\Desktop\Red-Black Tree (Alpha Version)\Debug\".
       InitializeBuildStatus:
         Creating "Debug\Red-Black Tree (Alpha Version).unsuccessfulbuild" because "AlwaysCreate" was specified.
       ClCompile:
         C:\Program Files (x86)\Microsoft Visual Studio 10.0\VC\bin\CL.exe /c /ZI /nologo /W3 /WX- /Od /Oy- /D WIN32 /D _DEBUG /D _CONSOLE /D _UNICODE /D UNICODE /Gm /EHsc /RTC1 /MDd /GS /fp:precise /Zc:wchar_t /Zc:forScope /Fo"Debug\\" /Fd"Debug\vc100.pdb" /Gd /TP /analyze- /errorReport:prompt Main.cpp RBTree.cpp
         RBTree.cpp
         Main.cpp
         Generating Code...
     1>c:\users\synon\desktop\red-black tree (alpha version)\red-black tree (alpha version)\rbtree.cpp(83): warning C4715: 'RBTree::searchHelp' : not all control paths return a value
       ManifestResourceCompile:
         C:\Program Files (x86)\Microsoft SDKs\Windows\v7.0A\bin\rc.exe /nologo /fo"Debug\Red-Black Tree (Alpha Version).exe.embed.manifest.res" "Debug\Red-Black Tree (Alpha Version)_manifest.rc" 
       Link:
         C:\Program Files (x86)\Microsoft Visual Studio 10.0\VC\bin\link.exe /ERRORREPORT:PROMPT /OUT:"C:\Users\SynoN\Desktop\Red-Black Tree (Alpha Version)\Debug\Red-Black Tree (Alpha Version).exe" /INCREMENTAL /NOLOGO kernel32.lib user32.lib gdi32.lib winspool.lib comdlg32.lib advapi32.lib shell32.lib ole32.lib oleaut32.lib uuid.lib odbc32.lib odbccp32.lib /MANIFEST /ManifestFile:"Debug\Red-Black Tree (Alpha Version).exe.intermediate.manifest" /MANIFESTUAC:"level='asInvoker' uiAccess='false'" /DEBUG /PDB:"C:\Users\SynoN\Desktop\Red-Black Tree (Alpha Version)\Debug\Red-Black Tree (Alpha Version).pdb" /SUBSYSTEM:CONSOLE /TLBID:1 /DYNAMICBASE /NXCOMPAT /IMPLIB:"C:\Users\SynoN\Desktop\Red-Black Tree (Alpha Version)\Debug\Red-Black Tree (Alpha Version).lib" /MACHINE:X86 "Debug\Red-Black Tree (Alpha Version).exe.embed.manifest.res"
         Debug\Main.obj
         Debug\RBTree.obj
       Manifest:
         C:\Program Files (x86)\Microsoft SDKs\Windows\v7.0A\bin\mt.exe /nologo /verbose /out:"Debug\Red-Black Tree (Alpha Version).exe.embed.manifest" /manifest "Debug\Red-Black Tree (Alpha Version).exe.intermediate.manifest"
         C:\Program Files (x86)\Microsoft SDKs\Windows\v7.0A\bin\rc.exe /nologo /fo"Debug\Red-Black Tree (Alpha Version).exe.embed.manifest.res" "Debug\Red-Black Tree (Alpha Version)_manifest.rc" 
       LinkEmbedManifest:
         C:\Program Files (x86)\Microsoft Visual Studio 10.0\VC\bin\link.exe /ERRORREPORT:PROMPT /OUT:"C:\Users\SynoN\Desktop\Red-Black Tree (Alpha Version)\Debug\Red-Black Tree (Alpha Version).exe" /INCREMENTAL /NOLOGO kernel32.lib user32.lib gdi32.lib winspool.lib comdlg32.lib advapi32.lib shell32.lib ole32.lib oleaut32.lib uuid.lib odbc32.lib odbccp32.lib /MANIFEST /ManifestFile:"Debug\Red-Black Tree (Alpha Version).exe.intermediate.manifest" /MANIFESTUAC:"level='asInvoker' uiAccess='false'" /DEBUG /PDB:"C:\Users\SynoN\Desktop\Red-Black Tree (Alpha Version)\Debug\Red-Black Tree (Alpha Version).pdb" /SUBSYSTEM:CONSOLE /TLBID:1 /DYNAMICBASE /NXCOMPAT /IMPLIB:"C:\Users\SynoN\Desktop\Red-Black Tree (Alpha Version)\Debug\Red-Black Tree (Alpha Version).lib" /MACHINE:X86 "Debug\Red-Black Tree (Alpha Version).exe.embed.manifest.res"
         Debug\Main.obj
         Debug\RBTree.obj
         Red-Black Tree (Alpha Version).vcxproj -> C:\Users\SynoN\Desktop\Red-Black Tree (Alpha Version)\Debug\Red-Black Tree (Alpha Version).exe
       FinalizeBuildStatus:
         Deleting file "Debug\Red-Black Tree (Alpha Version).unsuccessfulbuild".
         Touching "Debug\Red-Black Tree (Alpha Version).lastbuildstate".
     1>Done Building Project "C:\Users\SynoN\Desktop\Red-Black Tree (Alpha Version)\Red-Black Tree (Alpha Version)\Red-Black Tree (Alpha Version).vcxproj" (build target(s)).

Build succeeded.

Time Elapsed 00:00:03.49
