Build started 2/2/2012 9:33:30 PM.
     1>Project "C:\Users\SynoN\Desktop\Red-Black Tree\Red-Black Tree\Red-Black Tree.vcxproj" on node 2 (build target(s)).
     1>InitializeBuildStatus:
         Creating "Debug\Red-Black Tree.unsuccessfulbuild" because "AlwaysCreate" was specified.
       ClCompile:
         C:\Program Files (x86)\Microsoft Visual Studio 10.0\VC\bin\CL.exe /c /ZI /nologo /W3 /WX- /Od /Oy- /D WIN32 /D _DEBUG /D _CONSOLE /D _UNICODE /D UNICODE /Gm /EHsc /RTC1 /MDd /GS /fp:precise /Zc:wchar_t /Zc:forScope /Fo"Debug\\" /Fd"Debug\vc100.pdb" /Gd /TP /analyze- /errorReport:prompt Main.cpp
         Main.cpp
       ManifestResourceCompile:
         All outputs are up-to-date.
       Link:
         C:\Program Files (x86)\Microsoft Visual Studio 10.0\VC\bin\link.exe /ERRORREPORT:PROMPT /OUT:"C:\Users\SynoN\Desktop\Red-Black Tree\Debug\Red-Black Tree.exe" /INCREMENTAL /NOLOGO kernel32.lib user32.lib gdi32.lib winspool.lib comdlg32.lib advapi32.lib shell32.lib ole32.lib oleaut32.lib uuid.lib odbc32.lib odbccp32.lib /MANIFEST /ManifestFile:"Debug\Red-Black Tree.exe.intermediate.manifest" /MANIFESTUAC:"level='asInvoker' uiAccess='false'" /DEBUG /PDB:"C:\Users\SynoN\Desktop\Red-Black Tree\Debug\Red-Black Tree.pdb" /SUBSYSTEM:CONSOLE /TLBID:1 /DYNAMICBASE /NXCOMPAT /IMPLIB:"C:\Users\SynoN\Desktop\Red-Black Tree\Debug\Red-Black Tree.lib" /MACHINE:X86 "Debug\Red-Black Tree.exe.embed.manifest.res"
         Debug\Main.obj
         Debug\Node.obj
         Debug\RedBlackTree.obj
       Manifest:
         C:\Program Files (x86)\Microsoft SDKs\Windows\v7.0A\bin\mt.exe /nologo /verbose /out:"Debug\Red-Black Tree.exe.embed.manifest" /manifest "Debug\Red-Black Tree.exe.intermediate.manifest"
         All outputs are up-to-date.
       LinkEmbedManifest:
         All outputs are up-to-date.
         Red-Black Tree.vcxproj -> C:\Users\SynoN\Desktop\Red-Black Tree\Debug\Red-Black Tree.exe
       FinalizeBuildStatus:
         Deleting file "Debug\Red-Black Tree.unsuccessfulbuild".
         Touching "Debug\Red-Black Tree.lastbuildstate".
     1>Done Building Project "C:\Users\SynoN\Desktop\Red-Black Tree\Red-Black Tree\Red-Black Tree.vcxproj" (build target(s)).

Build succeeded.

Time Elapsed 00:00:02.34
