Build started 2/3/2012 8:36:36 PM.
     1>Project "C:\Users\SynoN\Desktop\External Multi-Way Merge Sort\External Multi-Way Merge Sort\External Multi-Way Merge Sort.vcxproj" on node 2 (build target(s)).
     1>InitializeBuildStatus:
         Creating "Debug\External Multi-Way Merge Sort.unsuccessfulbuild" because "AlwaysCreate" was specified.
       ClCompile:
         C:\Program Files (x86)\Microsoft Visual Studio 10.0\VC\bin\CL.exe /c /ZI /nologo /W3 /WX- /Od /Oy- /D WIN32 /D _DEBUG /D _CONSOLE /D _UNICODE /D UNICODE /Gm /EHsc /RTC1 /MDd /GS /fp:precise /Zc:wchar_t /Zc:forScope /Fo"Debug\\" /Fd"Debug\vc100.pdb" /Gd /TP /analyze- /errorReport:prompt Main.cpp
         Main.cpp
     1>c:\users\synon\desktop\external multi-way merge sort\external multi-way merge sort\main.cpp(32): warning C4244: 'argument' : conversion from 'time_t' to 'unsigned int', possible loss of data
       ManifestResourceCompile:
         All outputs are up-to-date.
       Link:
         C:\Program Files (x86)\Microsoft Visual Studio 10.0\VC\bin\link.exe /ERRORREPORT:PROMPT /OUT:"C:\Users\SynoN\Desktop\External Multi-Way Merge Sort\Debug\External Multi-Way Merge Sort.exe" /INCREMENTAL /NOLOGO kernel32.lib user32.lib gdi32.lib winspool.lib comdlg32.lib advapi32.lib shell32.lib ole32.lib oleaut32.lib uuid.lib odbc32.lib odbccp32.lib /MANIFEST /ManifestFile:"Debug\External Multi-Way Merge Sort.exe.intermediate.manifest" /MANIFESTUAC:"level='asInvoker' uiAccess='false'" /DEBUG /PDB:"C:\Users\SynoN\Desktop\External Multi-Way Merge Sort\Debug\External Multi-Way Merge Sort.pdb" /SUBSYSTEM:CONSOLE /TLBID:1 /DYNAMICBASE /NXCOMPAT /IMPLIB:"C:\Users\SynoN\Desktop\External Multi-Way Merge Sort\Debug\External Multi-Way Merge Sort.lib" /MACHINE:X86 "Debug\External Multi-Way Merge Sort.exe.embed.manifest.res"
         Debug\Main.obj
       Manifest:
         C:\Program Files (x86)\Microsoft SDKs\Windows\v7.0A\bin\mt.exe /nologo /verbose /out:"Debug\External Multi-Way Merge Sort.exe.embed.manifest" /manifest "Debug\External Multi-Way Merge Sort.exe.intermediate.manifest"
         All outputs are up-to-date.
       LinkEmbedManifest:
         All outputs are up-to-date.
         External Multi-Way Merge Sort.vcxproj -> C:\Users\SynoN\Desktop\External Multi-Way Merge Sort\Debug\External Multi-Way Merge Sort.exe
       FinalizeBuildStatus:
         Deleting file "Debug\External Multi-Way Merge Sort.unsuccessfulbuild".
         Touching "Debug\External Multi-Way Merge Sort.lastbuildstate".
     1>Done Building Project "C:\Users\SynoN\Desktop\External Multi-Way Merge Sort\External Multi-Way Merge Sort\External Multi-Way Merge Sort.vcxproj" (build target(s)).

Build succeeded.

Time Elapsed 00:00:01.60
